Performing C++ SOURCE FILE Test CMAKE_HAVE_LIBC_PTHREAD failed with the following output:
Change Dir: /home/tfg/Documentos/queue_hpx_component/hpx_queue_template_migrable/build/CMakeFiles/CMakeTmp

Run Build Command(s):/usr/bin/gmake cmTC_350e9/fast && /usr/bin/gmake  -f CMakeFiles/cmTC_350e9.dir/build.make CMakeFiles/cmTC_350e9.dir/build
gmake[1]: a entrar na pasta "/home/tfg/Documentos/queue_hpx_component/hpx_queue_template_migrable/build/CMakeFiles/CMakeTmp"
Building CXX object CMakeFiles/cmTC_350e9.dir/src.cxx.o
/usr/bin/c++   -DCMAKE_HAVE_LIBC_PTHREAD -o CMakeFiles/cmTC_350e9.dir/src.cxx.o -c /home/tfg/Documentos/queue_hpx_component/hpx_queue_template_migrable/build/CMakeFiles/CMakeTmp/src.cxx
Linking CXX executable cmTC_350e9
/usr/bin/cmake -E cmake_link_script CMakeFiles/cmTC_350e9.dir/link.txt --verbose=1
/usr/bin/c++  -DCMAKE_HAVE_LIBC_PTHREAD CMakeFiles/cmTC_350e9.dir/src.cxx.o -o cmTC_350e9 
/usr/bin/ld: CMakeFiles/cmTC_350e9.dir/src.cxx.o: in function `main':
src.cxx:(.text+0x2d): undefined reference to `pthread_create'
/usr/bin/ld: src.cxx:(.text+0x39): undefined reference to `pthread_detach'
/usr/bin/ld: src.cxx:(.text+0x45): undefined reference to `pthread_cancel'
/usr/bin/ld: src.cxx:(.text+0x56): undefined reference to `pthread_join'
collect2: error: ld returned 1 exit status
gmake[1]: *** [CMakeFiles/cmTC_350e9.dir/build.make:106: cmTC_350e9] Erro 1
gmake[1]: a sair da pasta "/home/tfg/Documentos/queue_hpx_component/hpx_queue_template_migrable/build/CMakeFiles/CMakeTmp"
gmake: *** [Makefile:140: cmTC_350e9/fast] Erro 2


Source file was:
#include <pthread.h>

void* test_func(void* data)
{
  return data;
}

int main(void)
{
  pthread_t thread;
  pthread_create(&thread, NULL, test_func, NULL);
  pthread_detach(thread);
  pthread_cancel(thread);
  pthread_join(thread, NULL);
  pthread_atfork(NULL, NULL, NULL);
  pthread_exit(NULL);

  return 0;
}

Determining if the function pthread_create exists in the pthreads failed with the following output:
Change Dir: /home/tfg/Documentos/queue_hpx_component/hpx_queue_template_migrable/build/CMakeFiles/CMakeTmp

Run Build Command(s):/usr/bin/gmake cmTC_f1c8a/fast && /usr/bin/gmake  -f CMakeFiles/cmTC_f1c8a.dir/build.make CMakeFiles/cmTC_f1c8a.dir/build
gmake[1]: a entrar na pasta "/home/tfg/Documentos/queue_hpx_component/hpx_queue_template_migrable/build/CMakeFiles/CMakeTmp"
Building CXX object CMakeFiles/cmTC_f1c8a.dir/CheckFunctionExists.cxx.o
/usr/bin/c++   -DCHECK_FUNCTION_EXISTS=pthread_create -o CMakeFiles/cmTC_f1c8a.dir/CheckFunctionExists.cxx.o -c /home/tfg/Documentos/queue_hpx_component/hpx_queue_template_migrable/build/CMakeFiles/CheckLibraryExists/CheckFunctionExists.cxx
Linking CXX executable cmTC_f1c8a
/usr/bin/cmake -E cmake_link_script CMakeFiles/cmTC_f1c8a.dir/link.txt --verbose=1
/usr/bin/c++  -DCHECK_FUNCTION_EXISTS=pthread_create CMakeFiles/cmTC_f1c8a.dir/CheckFunctionExists.cxx.o -o cmTC_f1c8a  -lpthreads 
/usr/bin/ld: cannot find -lpthreads
collect2: error: ld returned 1 exit status
gmake[1]: *** [CMakeFiles/cmTC_f1c8a.dir/build.make:106: cmTC_f1c8a] Erro 1
gmake[1]: a sair da pasta "/home/tfg/Documentos/queue_hpx_component/hpx_queue_template_migrable/build/CMakeFiles/CMakeTmp"
gmake: *** [Makefile:140: cmTC_f1c8a/fast] Erro 2



